<?xml version="1.0" encoding="UTF-8"?>
<!-- Generated by org.testng.reporters.JUnitXMLReporter -->
<testsuite ignored="0" hostname="Ranjeet-MacBook-Pro.local" failures="0" tests="5" name="Test" time="111.914" errors="0" timestamp="2022-11-29T09:09:59 IST">
  <testcase classname="Com.internetbaning.TestCases.TC_LoginDataTest_004" name="LoginData" time="7.725"/>
  <testcase classname="Com.internetbaning.TestCases.TC_LoginDataTest_004" name="LoginData" time="7.674"/>
  <testcase classname="Com.internetbaning.TestCases.TC_LoginDataTest_004" name="LoginData" time="8.754"/>
  <testcase classname="Com.internetbaning.TestCases.TC_LoginDataTest_004" name="LoginData" time="6.514"/>
  <testcase classname="Com.internetbaning.TestCases.TC_LoginDataTest_004" name="LoginData" time="11.927"/>
</testsuite> <!-- Test -->
