<?xml version="1.0" encoding="UTF-8"?>
<testng-results ignored="0" total="5" passed="5" failed="0" skipped="0">
  <reporter-output>
  </reporter-output>
  <suite started-at="2022-11-29T09:08:07 IST" name="Suite" finished-at="2022-11-29T09:09:59 IST" duration-ms="111914">
    <groups>
    </groups>
    <test started-at="2022-11-29T09:08:07 IST" name="Test" finished-at="2022-11-29T09:09:59 IST" duration-ms="111914">
      <class name="Com.internetbaning.TestCases.TC_LoginDataTest_004">
        <test-method is-config="true" signature="initialization(java.lang.String)[pri:0, instance:Com.internetbaning.TestCases.TC_LoginDataTest_004@445b295b]" started-at="2022-11-29T09:08:08 IST" name="initialization" finished-at="2022-11-29T09:08:22 IST" duration-ms="14641" status="PASS">
          <params>
            <param index="0">
              <value>
                <![CDATA[chrome]]>
              </value>
            </param>
          </params>
          <reporter-output>
          </reporter-output>
        </test-method> <!-- initialization -->
        <test-method signature="LoginData(java.lang.String,java.lang.String)[pri:0, instance:Com.internetbaning.TestCases.TC_LoginDataTest_004@445b295b]" started-at="2022-11-29T09:08:22 IST" name="LoginData" data-provider="LoginData" finished-at="2022-11-29T09:08:30 IST" duration-ms="7725" status="PASS">
          <params>
            <param index="0">
              <value>
                <![CDATA[mngr456247]]>
              </value>
            </param>
            <param index="1">
              <value>
                <![CDATA[pYnYvUn]]>
              </value>
            </param>
          </params>
          <reporter-output>
          </reporter-output>
        </test-method> <!-- LoginData -->
        <test-method is-config="true" signature="tearDown()[pri:0, instance:Com.internetbaning.TestCases.TC_LoginDataTest_004@445b295b]" started-at="2022-11-29T09:08:30 IST" name="tearDown" finished-at="2022-11-29T09:08:33 IST" duration-ms="3130" status="PASS">
          <reporter-output>
          </reporter-output>
        </test-method> <!-- tearDown -->
        <test-method is-config="true" signature="initialization(java.lang.String)[pri:0, instance:Com.internetbaning.TestCases.TC_LoginDataTest_004@445b295b]" started-at="2022-11-29T09:08:33 IST" name="initialization" finished-at="2022-11-29T09:08:42 IST" duration-ms="9027" status="PASS">
          <params>
            <param index="0">
              <value>
                <![CDATA[chrome]]>
              </value>
            </param>
          </params>
          <reporter-output>
          </reporter-output>
        </test-method> <!-- initialization -->
        <test-method signature="LoginData(java.lang.String,java.lang.String)[pri:0, instance:Com.internetbaning.TestCases.TC_LoginDataTest_004@445b295b]" started-at="2022-11-29T09:08:42 IST" name="LoginData" data-provider="LoginData" finished-at="2022-11-29T09:08:50 IST" duration-ms="7674" status="PASS">
          <params>
            <param index="0">
              <value>
                <![CDATA[mngr456247]]>
              </value>
            </param>
            <param index="1">
              <value>
                <![CDATA[mngr45]]>
              </value>
            </param>
          </params>
          <reporter-output>
          </reporter-output>
        </test-method> <!-- LoginData -->
        <test-method is-config="true" signature="tearDown()[pri:0, instance:Com.internetbaning.TestCases.TC_LoginDataTest_004@445b295b]" started-at="2022-11-29T09:08:50 IST" name="tearDown" finished-at="2022-11-29T09:08:53 IST" duration-ms="3156" status="PASS">
          <reporter-output>
          </reporter-output>
        </test-method> <!-- tearDown -->
        <test-method is-config="true" signature="initialization(java.lang.String)[pri:0, instance:Com.internetbaning.TestCases.TC_LoginDataTest_004@445b295b]" started-at="2022-11-29T09:08:53 IST" name="initialization" finished-at="2022-11-29T09:09:02 IST" duration-ms="8914" status="PASS">
          <params>
            <param index="0">
              <value>
                <![CDATA[chrome]]>
              </value>
            </param>
          </params>
          <reporter-output>
          </reporter-output>
        </test-method> <!-- initialization -->
        <test-method signature="LoginData(java.lang.String,java.lang.String)[pri:0, instance:Com.internetbaning.TestCases.TC_LoginDataTest_004@445b295b]" started-at="2022-11-29T09:09:02 IST" name="LoginData" data-provider="LoginData" finished-at="2022-11-29T09:09:11 IST" duration-ms="8754" status="PASS">
          <params>
            <param index="0">
              <value>
                <![CDATA[mngr4562]]>
              </value>
            </param>
            <param index="1">
              <value>
                <![CDATA[pYnYvUn]]>
              </value>
            </param>
          </params>
          <reporter-output>
          </reporter-output>
        </test-method> <!-- LoginData -->
        <test-method is-config="true" signature="tearDown()[pri:0, instance:Com.internetbaning.TestCases.TC_LoginDataTest_004@445b295b]" started-at="2022-11-29T09:09:11 IST" name="tearDown" finished-at="2022-11-29T09:09:14 IST" duration-ms="3119" status="PASS">
          <reporter-output>
          </reporter-output>
        </test-method> <!-- tearDown -->
        <test-method is-config="true" signature="initialization(java.lang.String)[pri:0, instance:Com.internetbaning.TestCases.TC_LoginDataTest_004@445b295b]" started-at="2022-11-29T09:09:14 IST" name="initialization" finished-at="2022-11-29T09:09:25 IST" duration-ms="10817" status="PASS">
          <params>
            <param index="0">
              <value>
                <![CDATA[chrome]]>
              </value>
            </param>
          </params>
          <reporter-output>
          </reporter-output>
        </test-method> <!-- initialization -->
        <test-method signature="LoginData(java.lang.String,java.lang.String)[pri:0, instance:Com.internetbaning.TestCases.TC_LoginDataTest_004@445b295b]" started-at="2022-11-29T09:09:25 IST" name="LoginData" data-provider="LoginData" finished-at="2022-11-29T09:09:31 IST" duration-ms="6514" status="PASS">
          <params>
            <param index="0">
              <value>
                <![CDATA[mngr4562]]>
              </value>
            </param>
            <param index="1">
              <value>
                <![CDATA[mngr456]]>
              </value>
            </param>
          </params>
          <reporter-output>
          </reporter-output>
        </test-method> <!-- LoginData -->
        <test-method is-config="true" signature="tearDown()[pri:0, instance:Com.internetbaning.TestCases.TC_LoginDataTest_004@445b295b]" started-at="2022-11-29T09:09:31 IST" name="tearDown" finished-at="2022-11-29T09:09:34 IST" duration-ms="3117" status="PASS">
          <reporter-output>
          </reporter-output>
        </test-method> <!-- tearDown -->
        <test-method is-config="true" signature="initialization(java.lang.String)[pri:0, instance:Com.internetbaning.TestCases.TC_LoginDataTest_004@445b295b]" started-at="2022-11-29T09:09:34 IST" name="initialization" finished-at="2022-11-29T09:09:44 IST" duration-ms="9259" status="PASS">
          <params>
            <param index="0">
              <value>
                <![CDATA[chrome]]>
              </value>
            </param>
          </params>
          <reporter-output>
          </reporter-output>
        </test-method> <!-- initialization -->
        <test-method signature="LoginData(java.lang.String,java.lang.String)[pri:0, instance:Com.internetbaning.TestCases.TC_LoginDataTest_004@445b295b]" started-at="2022-11-29T09:09:44 IST" name="LoginData" data-provider="LoginData" finished-at="2022-11-29T09:09:55 IST" duration-ms="11927" status="PASS">
          <params>
            <param index="0">
              <value>
                <![CDATA[mngr456]]>
              </value>
            </param>
            <param index="1">
              <value>
                <![CDATA[mngr456]]>
              </value>
            </param>
          </params>
          <reporter-output>
          </reporter-output>
        </test-method> <!-- LoginData -->
        <test-method is-config="true" signature="tearDown()[pri:0, instance:Com.internetbaning.TestCases.TC_LoginDataTest_004@445b295b]" started-at="2022-11-29T09:09:55 IST" name="tearDown" finished-at="2022-11-29T09:09:59 IST" duration-ms="3125" status="PASS">
          <reporter-output>
          </reporter-output>
        </test-method> <!-- tearDown -->
      </class> <!-- Com.internetbaning.TestCases.TC_LoginDataTest_004 -->
    </test> <!-- Test -->
  </suite> <!-- Suite -->
</testng-results>
